[2026-06-11 07:08:34] === Meta-Supervisor cycle started ===
[2026-06-11 07:08:34] Processing project: star (session 20260611_054532_54beef0b)
[2026-06-11 07:08:37]   Hermes finished for star. Return code: 0
[2026-06-11 07:08:37]   Output (truncated): [32mвњ“ Worktree created:[0m /Users/thyfriendlyfox/Projects/neuro-symbolic-rule-discovery/.worktrees/hermes-f6bd2534   Branch: hermes/hermes-f6bd2534                         в•­в”Ђв”Ђв”Ђв”Ђв”Ђв”Ђв”Ђв”Ђв”Ђв”Ђв”Ђв”Ђ Hermes Agent v0.15.1 (2026.5.29) В· upstream 3edd09a4 в”Ђв”Ђв”Ђв”Ђв”Ђв”Ђв”Ђв”Ђв”Ђв”Ђв”Ђв”Ђв•® в”‚                                       Available Tools                        в”‚ в”‚    в Ђв Ђв Ђв Ђв Ђв Ђв Ђв Ђв Ђв ЂвўЂвЈЂвЎЂв ЂвЈЂвЈЂв ЂвўЂвЈЂвЎЂв Ђв Ђв Ђв Ђв Ђв Ђв Ђв Ђв Ђв Ђ     browser: browser_back, browser_click,  в”‚ в”‚    в Ђв Ђв Ђв Ђв Ђв ЂвўЂвЈ вЈґвЈѕвЈївЈївЈ‡в ёвЈївЈїв ‡вЈёвЈївЈївЈ·вЈ¦вЈ„вЎЂв Ђв Ђв Ђв Ђв Ђв Ђ     ...                                    в”‚ в”‚    в ЂвўЂвЈ вЈґвЈ¶в їв ‹вЈ©вЎївЈївЎїв »вЈївЎ‡вў вЎ„вўёвЈїв џвўївЈївўївЈЌв ™в ївЈ¶вЈ¦вЈ„вЎЂв Ђ     browser-cdp: browser_cdp,              в”‚ в”‚    в Ђв Ђв ‰в ‰в Ѓв ¶в џв ‹в Ђв ‰в ЂвўЂвЈ€вЈЃвЎ€вўЃ
[2026-06-11 07:08:37] === Meta-Supervisor cycle completed ===

[2026-06-11 07:29:17] === Meta-Supervisor cycle started ===
[2026-06-11 07:29:17] Processing project: star (session 20260611_054532_54beef0b)
[2026-06-11 07:29:17]   ERROR running Hermes for star: [Errno 2] No such file or directory: 'hermes'
[2026-06-11 07:29:17] === Meta-Supervisor cycle completed ===

[2026-06-11 07:29:17] === Meta-Supervisor cycle started ===
[2026-06-11 07:29:17] Processing project: star (session 20260611_054532_54beef0b)
[2026-06-11 07:29:17]   ERROR running Hermes for star: [Errno 2] No such file or directory: 'hermes'
[2026-06-11 07:29:17] === Meta-Supervisor cycle completed ===

[2026-06-11 07:30:05] === Meta-Supervisor cycle started ===
[2026-06-11 07:30:05] Processing project: star (session 20260611_054532_54beef0b)
[2026-06-11 07:30:05]   ERROR running Hermes for star: [Errno 2] No such file or directory: 'hermes'
[2026-06-11 07:30:05] === Meta-Supervisor cycle completed ===

[2026-06-11 07:30:05] === Meta-Supervisor cycle started ===
[2026-06-11 07:30:05] Processing project: star (session 20260611_054532_54beef0b)
[2026-06-11 07:30:05]   ERROR running Hermes for star: [Errno 2] No such file or directory: 'hermes'
[2026-06-11 07:30:05] === Meta-Supervisor cycle completed ===

[2026-06-11 07:40:04] === Meta-Supervisor cycle started ===
[2026-06-11 07:40:04] Processing project: star (session 20260611_054532_54beef0b)
[2026-06-11 07:40:04]   ERROR running Hermes for star: [Errno 2] No such file or directory: 'hermes'
[2026-06-11 07:40:04] === Meta-Supervisor cycle completed ===

[2026-06-11 07:40:04] === Meta-Supervisor cycle started ===
[2026-06-11 07:40:04] Processing project: star (session 20260611_054532_54beef0b)
[2026-06-11 07:40:04]   ERROR running Hermes for star: [Errno 2] No such file or directory: 'hermes'
[2026-06-11 07:40:04] === Meta-Supervisor cycle completed ===

[2026-06-11 07:50:03] === Meta-Supervisor cycle started ===
[2026-06-11 07:50:03] Processing project: star (session 20260611_054532_54beef0b)
[2026-06-11 07:50:03]   ERROR running Hermes for star: [Errno 2] No such file or directory: 'hermes'
[2026-06-11 07:50:03] === Meta-Supervisor cycle completed ===

[2026-06-11 07:50:03] === Meta-Supervisor cycle started ===
[2026-06-11 07:50:03] Processing project: star (session 20260611_054532_54beef0b)
[2026-06-11 07:50:03]   ERROR running Hermes for star: [Errno 2] No such file or directory: 'hermes'
[2026-06-11 07:50:03] === Meta-Supervisor cycle completed ===

[2026-06-11 08:00:05] === Meta-Supervisor cycle started ===
[2026-06-11 08:00:05] Processing project: star (session 20260611_054532_54beef0b)
[2026-06-11 08:00:05]   ERROR running Hermes for star: [Errno 2] No such file or directory: 'hermes'
